\BOOKMARK [0][-]{chapter.1}{\376\377\000I\000N\000T\000R\000O\000D\000U\000C\000E\000\040\000T\000H\000E\000\040\000P\000R\000O\000B\000L\000E\000M}{}% 1
\BOOKMARK [1][-]{section.1.1}{\376\377\000D\000E\000S\000C\000R\000I\000B\000E\000\040\000T\000H\000E\000\040\000P\000R\000O\000B\000L\000E\000M}{chapter.1}% 2
\BOOKMARK [1][-]{section.1.2}{\376\377\000M\000A\000N\000A\000G\000E\000M\000E\000N\000T\000\040\000O\000B\000J\000E\000C\000T\000I\000V\000E\000S}{chapter.1}% 3
\BOOKMARK [0][-]{chapter.2}{\376\377\000E\000N\000T\000I\000T\000Y\000\040\040\023\000\040\000R\000E\000L\000A\000T\000I\000O\000N\000S\000H\000I\000P\000\040\040\023\000\040\000E\000R\000D}{}% 4
\BOOKMARK [1][-]{section.2.1}{\376\377\000D\000E\000F\000I\000N\000I\000T\000I\000O\000N\000\040\000E\000N\000T\000I\000T\000Y\000\040\040\023\000\040\000A\000T\000T\000R\000I\000B\000U\000T\000E}{chapter.2}% 5
\BOOKMARK [1][-]{section.2.2}{\376\377\000S\000E\000T\000-\000U\000P\000\040\000E\000N\000T\000I\000T\000Y\000\040\040\023\000\040\000R\000E\000L\000A\000T\000I\000O\000N\000S\000H\000I\000P}{chapter.2}% 6
\BOOKMARK [0][-]{chapter.3}{\376\377\000D\000A\000T\000A\000\040\000D\000I\000C\000T\000I\000O\000N\000A\000R\000Y}{}% 7
\BOOKMARK [1][-]{section.3.1}{\376\377\000D\000A\000T\000A\000B\000A\000S\000E\000\040\000A\000N\000D\000\040\000T\000A\000B\000L\000E}{chapter.3}% 8
\BOOKMARK [2][-]{subsection.3.1.1}{\376\377\000C\000R\000E\000A\000T\000E\000\040\000D\000A\000T\000A\000B\000A\000S\000E\000\040}{section.3.1}% 9
\BOOKMARK [2][-]{subsection.3.1.2}{\376\377\000C\000R\000E\000A\000T\000E\000\040\000T\000A\000B\000L\000E\000\040\000G\000o\000a\000l\000C\000a\000t\000e\000g\000o\000r\000y\000L\000o\000o\000k\000u\000p}{section.3.1}% 10
\BOOKMARK [2][-]{subsection.3.1.3}{\376\377\000C\000R\000E\000A\000T\000E\000\040\000T\000A\000B\000L\000E\000\040\000G\000o\000a\000l\000S\000t\000a\000t\000u\000s\000L\000o\000o\000k\000u\000p}{section.3.1}% 11
\BOOKMARK [2][-]{subsection.3.1.4}{\376\377\000C\000R\000E\000A\000T\000E\000\040\000T\000A\000B\000L\000E\000\040\000S\000e\000m\000e\000s\000t\000e\000r\000L\000o\000o\000k\000u\000p}{section.3.1}% 12
\BOOKMARK [2][-]{subsection.3.1.5}{\376\377\000C\000R\000E\000A\000T\000E\000\040\000T\000A\000B\000L\000E\000\040\000I\000n\000s\000t\000r\000u\000c\000t\000o\000r}{section.3.1}% 13
\BOOKMARK [2][-]{subsection.3.1.6}{\376\377\000C\000R\000E\000A\000T\000E\000\040\000T\000A\000B\000L\000E\000\040\000S\000t\000u\000d\000e\000n\000t}{section.3.1}% 14
\BOOKMARK [2][-]{subsection.3.1.7}{\376\377\000C\000R\000E\000A\000T\000E\000\040\000T\000A\000B\000L\000E\000\040\000C\000o\000u\000r\000s\000e}{section.3.1}% 15
\BOOKMARK [2][-]{subsection.3.1.8}{\376\377\000C\000R\000E\000A\000T\000E\000\040\000T\000A\000B\000L\000E\000\040\000E\000n\000r\000o\000l\000l\000m\000e\000n\000t}{section.3.1}% 16
\BOOKMARK [2][-]{subsection.3.1.9}{\376\377\000C\000R\000E\000A\000T\000E\000\040\000T\000A\000B\000L\000E\000\040\000L\000e\000a\000r\000n\000i\000n\000g\000G\000o\000a\000l}{section.3.1}% 17
\BOOKMARK [2][-]{subsection.3.1.10}{\376\377\000C\000R\000E\000A\000T\000E\000\040\000T\000A\000B\000L\000E\000\040\000P\000r\000o\000g\000r\000e\000s\000s\000T\000r\000a\000c\000k\000i\000n\000g}{section.3.1}% 18
\BOOKMARK [2][-]{subsection.3.1.11}{\376\377\000C\000R\000E\000A\000T\000E\000\040\000T\000A\000B\000L\000E\000\040\000M\000i\000l\000e\000s\000t\000o\000n\000e}{section.3.1}% 19
\BOOKMARK [2][-]{subsection.3.1.12}{\376\377\000C\000R\000E\000A\000T\000E\000\040\000T\000A\000B\000L\000E\000\040\000A\000d\000v\000i\000s\000o\000r\000A\000s\000s\000i\000g\000n\000m\000e\000n\000t}{section.3.1}% 20
\BOOKMARK [2][-]{subsection.3.1.13}{\376\377\000C\000R\000E\000A\000T\000E\000\040\000T\000A\000B\000L\000E\000\040\000A\000u\000d\000i\000t\000L\000o\000g}{section.3.1}% 21
\BOOKMARK [0][-]{chapter.4}{\376\377\000E\000N\000T\000I\000T\000Y\000\040\000R\000E\000L\000A\000T\000I\000O\000N\000S\000H\000I\000P\000\040\000D\000I\000A\000G\000R\000A\000M\000\040\000\050\000E\000R\000D\000\051}{}% 22
\BOOKMARK [1][-]{section.4.1}{\376\377\000S\000T\000U\000D\000E\000N\000T}{chapter.4}% 23
\BOOKMARK [1][-]{section.4.2}{\376\377\000I\000N\000S\000T\000R\000U\000C\000T\000O\000R\000\040\000E\000n\000t\000i\000t\000y}{chapter.4}% 24
\BOOKMARK [1][-]{section.4.3}{\376\377\000C\000O\000U\000R\000S\000E\000\040\000E\000n\000t\000i\000t\000y}{chapter.4}% 25
\BOOKMARK [1][-]{section.4.4}{\376\377\000E\000N\000R\000O\000L\000L\000M\000E\000N\000T\000\040\000E\000n\000t\000i\000t\000y}{chapter.4}% 26
\BOOKMARK [1][-]{section.4.5}{\376\377\000L\000E\000A\000R\000N\000I\000N\000G\000G\000O\000A\000L\000\040\000E\000n\000t\000i\000t\000y}{chapter.4}% 27
\BOOKMARK [1][-]{section.4.6}{\376\377\000P\000R\000O\000G\000R\000E\000S\000S\000T\000R\000A\000C\000K\000I\000N\000G\000\040\000E\000n\000t\000i\000t\000y}{chapter.4}% 28
\BOOKMARK [1][-]{section.4.7}{\376\377\000M\000I\000L\000E\000S\000T\000O\000N\000E\000\040\000E\000n\000t\000i\000t\000y}{chapter.4}% 29
\BOOKMARK [1][-]{section.4.8}{\376\377\000A\000D\000V\000I\000S\000O\000R\000A\000S\000S\000I\000G\000N\000M\000E\000N\000T\000\040\000E\000n\000t\000i\000t\000y}{chapter.4}% 30
\BOOKMARK [1][-]{section.4.9}{\376\377\000L\000O\000O\000K\000U\000P\000\040\000T\000A\000B\000L\000E\000S}{chapter.4}% 31
\BOOKMARK [2][-]{subsection.4.9.1}{\376\377\000G\000O\000A\000L\000C\000A\000T\000E\000G\000O\000R\000Y\000L\000O\000O\000K\000U\000P}{section.4.9}% 32
\BOOKMARK [2][-]{subsection.4.9.2}{\376\377\000G\000O\000A\000L\000S\000T\000A\000T\000U\000S\000L\000O\000O\000K\000U\000P}{section.4.9}% 33
\BOOKMARK [2][-]{subsection.4.9.3}{\376\377\000S\000E\000M\000E\000S\000T\000E\000R\000L\000O\000O\000K\000U\000P}{section.4.9}% 34
\BOOKMARK [1][-]{section.4.10}{\376\377\000N\000O\000R\000M\000A\000L\000\040\000F\000O\000R\000M}{chapter.4}% 35
\BOOKMARK [1][-]{section.4.11}{\376\377\000F\000U\000L\000L\000\040\000D\000I\000A\000G\000R\000A\000M}{chapter.4}% 36
\BOOKMARK [0][-]{chapter.5}{\376\377\000S\000Q\000L\000\040\000C\000O\000M\000M\000A\000N\000D}{}% 37
\BOOKMARK [1][-]{section.5.1}{\376\377\000Q\000u\000e\000r\000y\000\040\000U\000s\000i\000n\000g\000\040\000O\000R\000D\000E\000R\000\040\000B\000Y}{chapter.5}% 38
\BOOKMARK [1][-]{section.5.2}{\376\377\000Q\000u\000e\000r\000y\000\040\000U\000s\000i\000n\000g\000\040\000I\000N\000N\000E\000R\000\040\000J\000O\000I\000N}{chapter.5}% 39
\BOOKMARK [1][-]{section.5.3}{\376\377\000Q\000u\000e\000r\000y\000\040\000U\000s\000i\000n\000g\000\040\000A\000G\000G\000R\000E\000G\000A\000T\000E\000\040\000F\000U\000N\000C\000T\000I\000O\000N\000S}{chapter.5}% 40
\BOOKMARK [1][-]{section.5.4}{\376\377\000Q\000u\000e\000r\000y\000\040\000U\000s\000i\000n\000g\000\040\000G\000R\000O\000U\000P\000\040\000B\000Y\000\040\000a\000n\000d\000\040\000H\000A\000V\000I\000N\000G\000\040\000C\000l\000a\000u\000s\000e\000s}{chapter.5}% 41
\BOOKMARK [1][-]{section.5.5}{\376\377\000Q\000u\000e\000r\000y\000\040\000U\000s\000i\000n\000g\000\040\000a\000\040\000S\000u\000b\000-\000q\000u\000e\000r\000y\000\040\000a\000s\000\040\000a\000\040\000R\000e\000l\000a\000t\000i\000o\000n}{chapter.5}% 42
\BOOKMARK [1][-]{section.5.6}{\376\377\000Q\000u\000e\000r\000y\000\040\000U\000s\000i\000n\000g\000\040\000P\000a\000r\000t\000i\000a\000l\000\040\000M\000a\000t\000c\000h\000i\000n\000g\000\040\000i\000n\000\040\000W\000H\000E\000R\000E\000\040\000C\000l\000a\000u\000s\000e}{chapter.5}% 43
\BOOKMARK [1][-]{section.5.7}{\376\377\000Q\000u\000e\000r\000y\000\040\000U\000s\000i\000n\000g\000\040\000a\000\040\000S\000e\000l\000f\000-\000J\000o\000i\000n}{chapter.5}% 44
\BOOKMARK [1][-]{section.5.8}{\376\377\000S\000t\000o\000r\000e\000d\000\040\000P\000r\000o\000c\000e\000d\000u\000r\000e}{chapter.5}% 45
\BOOKMARK [1][-]{section.5.9}{\376\377\000T\000r\000i\000g\000g\000e\000r\000\040\000\050\000A\000u\000d\000i\000t\000\040\000L\000o\000g\000g\000i\000n\000g\000\051}{chapter.5}% 46
